<?xml version="1.0" encoding="UTF-8"?>
<testsuite name="censusanalyser.CensusAnalyserTest" tests="9" skipped="0" failures="0" errors="0" timestamp="2020-04-16T03:18:32" hostname="rajchaudhari-HP-Notebook" time="0.15">
  <properties/>
  <testcase name="givenIndiaStateCodeFile_ReturnsCorrectRecords" classname="censusanalyser.CensusAnalyserTest" time="0.085"/>
  <testcase name="givenIndianCensusCSVFileReturnsCorrectRecords" classname="censusanalyser.CensusAnalyserTest" time="0.035"/>
  <testcase name="givenIndiaCensusData_WithWrongFileDelimiter_ShouldThrowException" classname="censusanalyser.CensusAnalyserTest" time="0.007"/>
  <testcase name="givenIndiaStateCode_WithWrongFile_ShouldThrowException" classname="censusanalyser.CensusAnalyserTest" time="0.005"/>
  <testcase name="givenIndiaStateCode_WithWrongFileDelimiter_ShouldThrowException" classname="censusanalyser.CensusAnalyserTest" time="0.003"/>
  <testcase name="givenIndiaStateCode_WhenIncorrectHeader_ThenTrue" classname="censusanalyser.CensusAnalyserTest" time="0.001"/>
  <testcase name="givenIndiaCensusData_WithWrongFile_ShouldThrowException" classname="censusanalyser.CensusAnalyserTest" time="0.0"/>
  <testcase name="givenIndiaStateCodeCSVFile_WhenIncorrectHeader_ThenTrue" classname="censusanalyser.CensusAnalyserTest" time="0.002"/>
  <testcase name="givenIndiaCensusData_WithWrongType_ShouldThrowException" classname="censusanalyser.CensusAnalyserTest" time="0.007"/>
  <system-out><![CDATA[]]></system-out>
  <system-err><![CDATA[]]></system-err>
</testsuite>
