<?xml version="1.0" encoding="UTF-8"?>
<testsuite name="censusanalyser.CensusAnalyserTest" tests="10" skipped="0" failures="0" errors="0" timestamp="2020-04-16T05:02:30" hostname="rajchaudhari-HP-Notebook" time="0.476">
  <properties/>
  <testcase name="givenIndiaStateCodeFile_ReturnsCorrectRecords" classname="censusanalyser.CensusAnalyserTest" time="0.238"/>
  <testcase name="givenIndianCensusCSVFileReturnsCorrectRecords" classname="censusanalyser.CensusAnalyserTest" time="0.077"/>
  <testcase name="givenIndiaCensusData_WithWrongFileDelimiter_ShouldThrowException" classname="censusanalyser.CensusAnalyserTest" time="0.044"/>
  <testcase name="givenIndiaStateCode_WithWrongFile_ShouldThrowException" classname="censusanalyser.CensusAnalyserTest" time="0.004"/>
  <testcase name="givenIndiaStateCode_WithWrongType_ShouldThrowException" classname="censusanalyser.CensusAnalyserTest" time="0.0"/>
  <testcase name="givenIndiaStateCode_WithWrongFileDelimiter_ShouldThrowException" classname="censusanalyser.CensusAnalyserTest" time="0.052"/>
  <testcase name="givenIndiaStateCode_WhenIncorrectHeader_ThenTrue" classname="censusanalyser.CensusAnalyserTest" time="0.036"/>
  <testcase name="givenIndiaCensusData_WithWrongFile_ShouldThrowException" classname="censusanalyser.CensusAnalyserTest" time="0.0"/>
  <testcase name="givenIndiaStateCodeCSVFile_WhenIncorrectHeader_ThenTrue" classname="censusanalyser.CensusAnalyserTest" time="0.021"/>
  <testcase name="givenIndiaCensusData_WithWrongType_ShouldThrowException" classname="censusanalyser.CensusAnalyserTest" time="0.001"/>
  <system-out><![CDATA[]]></system-out>
  <system-err><![CDATA[]]></system-err>
</testsuite>
